[2020-06-10 09:48:37] server.ERROR: PDOException: SQLSTATE[42S02]: Base table or view not found: 1146 Table 'bb.static_pages' doesn't exist in /home/abdulraheem/my-projects/bb/vendor/doctrine/dbal/lib/Doctrine/DBAL/Driver/PDOConnection.php:77
Stack trace:
#0 /home/abdulraheem/my-projects/bb/vendor/doctrine/dbal/lib/Doctrine/DBAL/Driver/PDOConnection.php(77): PDO->prepare('select * from `...', Array)
#1 /home/abdulraheem/my-projects/bb/vendor/laravel/framework/src/Illuminate/Database/Connection.php(319): Doctrine\DBAL\Driver\PDOConnection->prepare('select * from `...')
#2 /home/abdulraheem/my-projects/bb/vendor/laravel/framework/src/Illuminate/Database/Connection.php(640): Illuminate\Database\Connection->Illuminate\Database\{closure}('select * from `...', Array)
#3 /home/abdulraheem/my-projects/bb/vendor/laravel/framework/src/Illuminate/Database/Connection.php(607): Illuminate\Database\Connection->runQueryCallback('select * from `...', Array, Object(Closure))
#4 /home/abdulraheem/my-projects/bb/vendor/laravel/framework/src/Illuminate/Database/Connection.php(326): Illuminate\Database\Connection->run('select * from `...', Array, Object(Closure))
#5 /home/abdulraheem/my-projects/bb/vendor/laravel/framework/src/Illuminate/Database/Query/Builder.php(1710): Illuminate\Database\Connection->select('select * from `...', Array, true)
#6 /home/abdulraheem/my-projects/bb/vendor/laravel/framework/src/Illuminate/Database/Query/Builder.php(1695): Illuminate\Database\Query\Builder->runSelect()
#7 /home/abdulraheem/my-projects/bb/vendor/laravel/framework/src/Illuminate/Database/Eloquent/Builder.php(462): Illuminate\Database\Query\Builder->get(Array)
#8 /home/abdulraheem/my-projects/bb/vendor/laravel/framework/src/Illuminate/Database/Eloquent/Builder.php(446): Illuminate\Database\Eloquent\Builder->getModels(Array)
#9 /home/abdulraheem/my-projects/bb/app/StaticPage.php(45): Illuminate\Database\Eloquent\Builder->get()
#10 /home/abdulraheem/my-projects/bb/vendor/laravel/framework/src/Illuminate/Database/Eloquent/Builder.php(934): App\StaticPage->scopeActive(Object(Illuminate\Database\Eloquent\Builder))
#11 /home/abdulraheem/my-projects/bb/vendor/laravel/framework/src/Illuminate/Database/Eloquent/Builder.php(1247): Illuminate\Database\Eloquent\Builder->callScope(Array, Array)
#12 /home/abdulraheem/my-projects/bb/vendor/laravel/framework/src/Illuminate/Database/Eloquent/Model.php(1357): Illuminate\Database\Eloquent\Builder->__call('active', Array)
#13 /home/abdulraheem/my-projects/bb/vendor/laravel/framework/src/Illuminate/Database/Eloquent/Model.php(1369): Illuminate\Database\Eloquent\Model->__call('active', Array)
#14 /home/abdulraheem/my-projects/bb/storage/framework/views/1b31ef8ad4b92fc0a951053e35d84c43e036657f.php(19): Illuminate\Database\Eloquent\Model::__callStatic('active', Array)
#15 /home/abdulraheem/my-projects/bb/vendor/laravel/framework/src/Illuminate/View/Engines/PhpEngine.php(42): include('/home/abdulrahe...')
#16 /home/abdulraheem/my-projects/bb/vendor/laravel/framework/src/Illuminate/View/Engines/CompilerEngine.php(59): Illuminate\View\Engines\PhpEngine->evaluatePath('/home/abdulrahe...', Array)
#17 /home/abdulraheem/my-projects/bb/vendor/laravel/framework/src/Illuminate/View/View.php(137): Illuminate\View\Engines\CompilerEngine->get('/home/abdulrahe...', Array)
#18 /home/abdulraheem/my-projects/bb/vendor/laravel/framework/src/Illuminate/View/View.php(120): Illuminate\View\View->getContents()
#19 /home/abdulraheem/my-projects/bb/vendor/laravel/framework/src/Illuminate/View/View.php(85): Illuminate\View\View->renderContents()
#20 /home/abdulraheem/my-projects/bb/vendor/teepluss/theme/src/Theme.php(638): Illuminate\View\View->render()
#21 /home/abdulraheem/my-projects/bb/vendor/teepluss/theme/src/Theme.php(603): Teepluss\Theme\Theme->loadPartial('footer', 'theme.default::...', Array)
#22 /home/abdulraheem/my-projects/bb/vendor/laravel/framework/src/Illuminate/Support/Facades/Facade.php(221): Teepluss\Theme\Theme->partial('footer')
#23 /home/abdulraheem/my-projects/bb/storage/framework/views/d7902d5ac63037c4bb9a0a7d557e127674dc2518.php(53): Illuminate\Support\Facades\Facade::__callStatic('partial', Array)
#24 /home/abdulraheem/my-projects/bb/vendor/laravel/framework/src/Illuminate/View/Engines/PhpEngine.php(42): include('/home/abdulrahe...')
#25 /home/abdulraheem/my-projects/bb/vendor/laravel/framework/src/Illuminate/View/Engines/CompilerEngine.php(59): Illuminate\View\Engines\PhpEngine->evaluatePath('/home/abdulrahe...', Array)
#26 /home/abdulraheem/my-projects/bb/vendor/laravel/framework/src/Illuminate/View/View.php(137): Illuminate\View\Engines\CompilerEngine->get('/home/abdulrahe...', Array)
#27 /home/abdulraheem/my-projects/bb/vendor/laravel/framework/src/Illuminate/View/View.php(120): Illuminate\View\View->getContents()
#28 /home/abdulraheem/my-projects/bb/vendor/laravel/framework/src/Illuminate/View/View.php(85): Illuminate\View\View->renderContents()
#29 /home/abdulraheem/my-projects/bb/vendor/teepluss/theme/src/Theme.php(1151): Illuminate\View\View->render()
#30 /home/abdulraheem/my-projects/bb/app/Http/Controllers/Auth/LoginController.php(53): Teepluss\Theme\Theme->render()
#31 [internal function]: App\Http\Controllers\Auth\LoginController->getLogin()
#32 /home/abdulraheem/my-projects/bb/vendor/laravel/framework/src/Illuminate/Routing/Controller.php(55): call_user_func_array(Array, Array)
#33 /home/abdulraheem/my-projects/bb/vendor/laravel/framework/src/Illuminate/Routing/ControllerDispatcher.php(44): Illuminate\Routing\Controller->callAction('getLogin', Array)
#34 /home/abdulraheem/my-projects/bb/vendor/laravel/framework/src/Illuminate/Routing/Route.php(203): Illuminate\Routing\ControllerDispatcher->dispatch(Object(Illuminate\Routing\Route), Object(App\Http\Controllers\Auth\LoginController), 'getLogin')
#35 /home/abdulraheem/my-projects/bb/vendor/laravel/framework/src/Illuminate/Routing/Route.php(160): Illuminate\Routing\Route->runController()
#36 /home/abdulraheem/my-projects/bb/vendor/laravel/framework/src/Illuminate/Routing/Router.php(574): Illuminate\Routing\Route->run()
#37 /home/abdulraheem/my-projects/bb/vendor/laravel/framework/src/Illuminate/Routing/Pipeline.php(30): Illuminate\Routing\Router->Illuminate\Routing\{closure}(Object(Illuminate\Http\Request))
#38 /home/abdulraheem/my-projects/bb/app/Http/Middleware/RedirectIfAuthenticated.php(25): Illuminate\Routing\Pipeline->Illuminate\Routing\{closure}(Object(Illuminate\Http\Request))
#39 /home/abdulraheem/my-projects/bb/vendor/laravel/framework/src/Illuminate/Pipeline/Pipeline.php(148): App\Http\Middleware\RedirectIfAuthenticated->handle(Object(Illuminate\Http\Request), Object(Closure))
#40 /home/abdulraheem/my-projects/bb/vendor/laravel/framework/src/Illuminate/Routing/Pipeline.php(53): Illuminate\Pipeline\Pipeline->Illuminate\Pipeline\{closure}(Object(Illuminate\Http\Request))
#41 /home/abdulraheem/my-projects/bb/vendor/laravel/framework/src/Illuminate/Foundation/Http/Middleware/VerifyCsrfToken.php(65): Illuminate\Routing\Pipeline->Illuminate\Routing\{closure}(Object(Illuminate\Http\Request))
#42 /home/abdulraheem/my-projects/bb/vendor/laravel/framework/src/Illuminate/Pipeline/Pipeline.php(148): Illuminate\Foundation\Http\Middleware\VerifyCsrfToken->handle(Object(Illuminate\Http\Request), Object(Closure))
#43 /home/abdulraheem/my-projects/bb/vendor/laravel/framework/src/Illuminate/Routing/Pipeline.php(53): Illuminate\Pipeline\Pipeline->Illuminate\Pipeline\{closure}(Object(Illuminate\Http\Request))
#44 /home/abdulraheem/my-projects/bb/vendor/laravel/framework/src/Illuminate/Routing/Middleware/SubstituteBindings.php(41): Illuminate\Routing\Pipeline->Illuminate\Routing\{closure}(Object(Illuminate\Http\Request))
#45 /home/abdulraheem/my-projects/bb/vendor/laravel/framework/src/Illuminate/Pipeline/Pipeline.php(148): Illuminate\Routing\Middleware\SubstituteBindings->handle(Object(Illuminate\Http\Request), Object(Closure))
#46 /home/abdulraheem/my-projects/bb/vendor/laravel/framework/src/Illuminate/Routing/Pipeline.php(53): Illuminate\Pipeline\Pipeline->Illuminate\Pipeline\{closure}(Object(Illuminate\Http\Request))
#47 /home/abdulraheem/my-projects/bb/vendor/laravel/framework/src/Illuminate/View/Middleware/ShareErrorsFromSession.php(49): Illuminate\Routing\Pipeline->Illuminate\Routing\{closure}(Object(Illuminate\Http\Request))
#48 /home/abdulraheem/my-projects/bb/vendor/laravel/framework/src/Illuminate/Pipeline/Pipeline.php(148): Illuminate\View\Middleware\ShareErrorsFromSession->handle(Object(Illuminate\Http\Request), Object(Closure))
#49 /home/abdulraheem/my-projects/bb/vendor/laravel/framework/src/Illuminate/Routing/Pipeline.php(53): Illuminate\Pipeline\Pipeline->Illuminate\Pipeline\{closure}(Object(Illuminate\Http\Request))
#50 /home/abdulraheem/my-projects/bb/app/Http/Middleware/Language.php(42): Illuminate\Routing\Pipeline->Illuminate\Routing\{closure}(Object(Illuminate\Http\Request))
#51 /home/abdulraheem/my-projects/bb/vendor/laravel/framework/src/Illuminate/Pipeline/Pipeline.php(148): App\Http\Middleware\Language->handle(Object(Illuminate\Http\Request), Object(Closure))
#52 /home/abdulraheem/my-projects/bb/vendor/laravel/framework/src/Illuminate/Routing/Pipeline.php(53): Illuminate\Pipeline\Pipeline->Illuminate\Pipeline\{closure}(Object(Illuminate\Http\Request))
#53 /home/abdulraheem/my-projects/bb/vendor/laravel/framework/src/Illuminate/Session/Middleware/StartSession.php(64): Illuminate\Routing\Pipeline->Illuminate\Routing\{closure}(Object(Illuminate\Http\Request))
#54 /home/abdulraheem/my-projects/bb/vendor/laravel/framework/src/Illuminate/Pipeline/Pipeline.php(148): Illuminate\Session\Middleware\StartSession->handle(Object(Illuminate\Http\Request), Object(Closure))
#55 /home/abdulraheem/my-projects/bb/vendor/laravel/framework/src/Illuminate/Routing/Pipeline.php(53): Illuminate\Pipeline\Pipeline->Illuminate\Pipeline\{closure}(Object(Illuminate\Http\Request))
#56 /home/abdulraheem/my-projects/bb/vendor/laravel/framework/src/Illuminate/Cookie/Middleware/AddQueuedCookiesToResponse.php(37): Illuminate\Routing\Pipeline->Illuminate\Routing\{closure}(Object(Illuminate\Http\Request))
#57 /home/abdulraheem/my-projects/bb/vendor/laravel/framework/src/Illuminate/Pipeline/Pipeline.php(148): Illuminate\Cookie\Middleware\AddQueuedCookiesToResponse->handle(Object(Illuminate\Http\Request), Object(Closure))
#58 /home/abdulraheem/my-projects/bb/vendor/laravel/framework/src/Illuminate/Routing/Pipeline.php(53): Illuminate\Pipeline\Pipeline->Illuminate\Pipeline\{closure}(Object(Illuminate\Http\Request))
#59 /home/abdulraheem/my-projects/bb/vendor/laravel/framework/src/Illuminate/Cookie/Middleware/EncryptCookies.php(59): Illuminate\Routing\Pipeline->Illuminate\Routing\{closure}(Object(Illuminate\Http\Request))
#60 /home/abdulraheem/my-projects/bb/vendor/laravel/framework/src/Illuminate/Pipeline/Pipeline.php(148): Illuminate\Cookie\Middleware\EncryptCookies->handle(Object(Illuminate\Http\Request), Object(Closure))
#61 /home/abdulraheem/my-projects/bb/vendor/laravel/framework/src/Illuminate/Routing/Pipeline.php(53): Illuminate\Pipeline\Pipeline->Illuminate\Pipeline\{closure}(Object(Illuminate\Http\Request))
#62 /home/abdulraheem/my-projects/bb/vendor/laravel/framework/src/Illuminate/Pipeline/Pipeline.php(102): Illuminate\Routing\Pipeline->Illuminate\Routing\{closure}(Object(Illuminate\Http\Request))
#63 /home/abdulraheem/my-projects/bb/vendor/laravel/framework/src/Illuminate/Routing/Router.php(576): Illuminate\Pipeline\Pipeline->then(Object(Closure))
#64 /home/abdulraheem/my-projects/bb/vendor/laravel/framework/src/Illuminate/Routing/Router.php(535): Illuminate\Routing\Router->runRouteWithinStack(Object(Illuminate\Routing\Route), Object(Illuminate\Http\Request))
#65 /home/abdulraheem/my-projects/bb/vendor/laravel/framework/src/Illuminate/Routing/Router.php(513): Illuminate\Routing\Router->dispatchToRoute(Object(Illuminate\Http\Request))
#66 /home/abdulraheem/my-projects/bb/vendor/laravel/framework/src/Illuminate/Foundation/Http/Kernel.php(176): Illuminate\Routing\Router->dispatch(Object(Illuminate\Http\Request))
#67 /home/abdulraheem/my-projects/bb/vendor/laravel/framework/src/Illuminate/Routing/Pipeline.php(30): Illuminate\Foundation\Http\Kernel->Illuminate\Foundation\Http\{closure}(Object(Illuminate\Http\Request))
#68 /home/abdulraheem/my-projects/bb/vendor/laravel/framework/src/Illuminate/Foundation/Http/Middleware/CheckForMaintenanceMode.php(46): Illuminate\Routing\Pipeline->Illuminate\Routing\{closure}(Object(Illuminate\Http\Request))
#69 /home/abdulraheem/my-projects/bb/vendor/laravel/framework/src/Illuminate/Pipeline/Pipeline.php(148): Illuminate\Foundation\Http\Middleware\CheckForMaintenanceMode->handle(Object(Illuminate\Http\Request), Object(Closure))
#70 /home/abdulraheem/my-projects/bb/vendor/laravel/framework/src/Illuminate/Routing/Pipeline.php(53): Illuminate\Pipeline\Pipeline->Illuminate\Pipeline\{closure}(Object(Illuminate\Http\Request))
#71 /home/abdulraheem/my-projects/bb/vendor/laravel/framework/src/Illuminate/Pipeline/Pipeline.php(102): Illuminate\Routing\Pipeline->Illuminate\Routing\{closure}(Object(Illuminate\Http\Request))
#72 /home/abdulraheem/my-projects/bb/vendor/laravel/framework/src/Illuminate/Foundation/Http/Kernel.php(151): Illuminate\Pipeline\Pipeline->then(Object(Closure))
#73 /home/abdulraheem/my-projects/bb/vendor/laravel/framework/src/Illuminate/Foundation/Http/Kernel.php(116): Illuminate\Foundation\Http\Kernel->sendRequestThroughRouter(Object(Illuminate\Http\Request))
#74 /home/abdulraheem/my-projects/bb/public/index.php(52): Illuminate\Foundation\Http\Kernel->handle(Object(Illuminate\Http\Request))
#75 /home/abdulraheem/.composer/vendor/cpriego/valet-linux/server.php(204): require('/home/abdulrahe...')
#76 {main}

Next Doctrine\DBAL\Driver\PDOException: SQLSTATE[42S02]: Base table or view not found: 1146 Table 'bb.static_pages' doesn't exist in /home/abdulraheem/my-projects/bb/vendor/doctrine/dbal/lib/Doctrine/DBAL/Driver/PDOConnection.php:79
Stack trace:
#0 /home/abdulraheem/my-projects/bb/vendor/laravel/framework/src/Illuminate/Database/Connection.php(319): Doctrine\DBAL\Driver\PDOConnection->prepare('select * from `...')
#1 /home/abdulraheem/my-projects/bb/vendor/laravel/framework/src/Illuminate/Database/Connection.php(640): Illuminate\Database\Connection->Illuminate\Database\{closure}('select * from `...', Array)
#2 /home/abdulraheem/my-projects/bb/vendor/laravel/framework/src/Illuminate/Database/Connection.php(607): Illuminate\Database\Connection->runQueryCallback('select * from `...', Array, Object(Closure))
#3 /home/abdulraheem/my-projects/bb/vendor/laravel/framework/src/Illuminate/Database/Connection.php(326): Illuminate\Database\Connection->run('select * from `...', Array, Object(Closure))
#4 /home/abdulraheem/my-projects/bb/vendor/laravel/framework/src/Illuminate/Database/Query/Builder.php(1710): Illuminate\Database\Connection->select('select * from `...', Array, true)
#5 /home/abdulraheem/my-projects/bb/vendor/laravel/framework/src/Illuminate/Database/Query/Builder.php(1695): Illuminate\Database\Query\Builder->runSelect()
#6 /home/abdulraheem/my-projects/bb/vendor/laravel/framework/src/Illuminate/Database/Eloquent/Builder.php(462): Illuminate\Database\Query\Builder->get(Array)
#7 /home/abdulraheem/my-projects/bb/vendor/laravel/framework/src/Illuminate/Database/Eloquent/Builder.php(446): Illuminate\Database\Eloquent\Builder->getModels(Array)
#8 /home/abdulraheem/my-projects/bb/app/StaticPage.php(45): Illuminate\Database\Eloquent\Builder->get()
#9 /home/abdulraheem/my-projects/bb/vendor/laravel/framework/src/Illuminate/Database/Eloquent/Builder.php(934): App\StaticPage->scopeActive(Object(Illuminate\Database\Eloquent\Builder))
#10 /home/abdulraheem/my-projects/bb/vendor/laravel/framework/src/Illuminate/Database/Eloquent/Builder.php(1247): Illuminate\Database\Eloquent\Builder->callScope(Array, Array)
#11 /home/abdulraheem/my-projects/bb/vendor/laravel/framework/src/Illuminate/Database/Eloquent/Model.php(1357): Illuminate\Database\Eloquent\Builder->__call('active', Array)
#12 /home/abdulraheem/my-projects/bb/vendor/laravel/framework/src/Illuminate/Database/Eloquent/Model.php(1369): Illuminate\Database\Eloquent\Model->__call('active', Array)
#13 /home/abdulraheem/my-projects/bb/storage/framework/views/1b31ef8ad4b92fc0a951053e35d84c43e036657f.php(19): Illuminate\Database\Eloquent\Model::__callStatic('active', Array)
#14 /home/abdulraheem/my-projects/bb/vendor/laravel/framework/src/Illuminate/View/Engines/PhpEngine.php(42): include('/home/abdulrahe...')
#15 /home/abdulraheem/my-projects/bb/vendor/laravel/framework/src/Illuminate/View/Engines/CompilerEngine.php(59): Illuminate\View\Engines\PhpEngine->evaluatePath('/home/abdulrahe...', Array)
#16 /home/abdulraheem/my-projects/bb/vendor/laravel/framework/src/Illuminate/View/View.php(137): Illuminate\View\Engines\CompilerEngine->get('/home/abdulrahe...', Array)
#17 /home/abdulraheem/my-projects/bb/vendor/laravel/framework/src/Illuminate/View/View.php(120): Illuminate\View\View->getContents()
#18 /home/abdulraheem/my-projects/bb/vendor/laravel/framework/src/Illuminate/View/View.php(85): Illuminate\View\View->renderContents()
#19 /home/abdulraheem/my-projects/bb/vendor/teepluss/theme/src/Theme.php(638): Illuminate\View\View->render()
#20 /home/abdulraheem/my-projects/bb/vendor/teepluss/theme/src/Theme.php(603): Teepluss\Theme\Theme->loadPartial('footer', 'theme.default::...', Array)
#21 /home/abdulraheem/my-projects/bb/vendor/laravel/framework/src/Illuminate/Support/Facades/Facade.php(221): Teepluss\Theme\Theme->partial('footer')
#22 /home/abdulraheem/my-projects/bb/storage/framework/views/d7902d5ac63037c4bb9a0a7d557e127674dc2518.php(53): Illuminate\Support\Facades\Facade::__callStatic('partial', Array)
#23 /home/abdulraheem/my-projects/bb/vendor/laravel/framework/src/Illuminate/View/Engines/PhpEngine.php(42): include('/home/abdulrahe...')
#24 /home/abdulraheem/my-projects/bb/vendor/laravel/framework/src/Illuminate/View/Engines/CompilerEngine.php(59): Illuminate\View\Engines\PhpEngine->evaluatePath('/home/abdulrahe...', Array)
#25 /home/abdulraheem/my-projects/bb/vendor/laravel/framework/src/Illuminate/View/View.php(137): Illuminate\View\Engines\CompilerEngine->get('/home/abdulrahe...', Array)
#26 /home/abdulraheem/my-projects/bb/vendor/laravel/framework/src/Illuminate/View/View.php(120): Illuminate\View\View->getContents()
#27 /home/abdulraheem/my-projects/bb/vendor/laravel/framework/src/Illuminate/View/View.php(85): Illuminate\View\View->renderContents()
#28 /home/abdulraheem/my-projects/bb/vendor/teepluss/theme/src/Theme.php(1151): Illuminate\View\View->render()
#29 /home/abdulraheem/my-projects/bb/app/Http/Controllers/Auth/LoginController.php(53): Teepluss\Theme\Theme->render()
#30 [internal function]: App\Http\Controllers\Auth\LoginController->getLogin()
#31 /home/abdulraheem/my-projects/bb/vendor/laravel/framework/src/Illuminate/Routing/Controller.php(55): call_user_func_array(Array, Array)
#32 /home/abdulraheem/my-projects/bb/vendor/laravel/framework/src/Illuminate/Routing/ControllerDispatcher.php(44): Illuminate\Routing\Controller->callAction('getLogin', Array)
#33 /home/abdulraheem/my-projects/bb/vendor/laravel/framework/src/Illuminate/Routing/Route.php(203): Illuminate\Routing\ControllerDispatcher->dispatch(Object(Illuminate\Routing\Route), Object(App\Http\Controllers\Auth\LoginController), 'getLogin')
#34 /home/abdulraheem/my-projects/bb/vendor/laravel/framework/src/Illuminate/Routing/Route.php(160): Illuminate\Routing\Route->runController()
#35 /home/abdulraheem/my-projects/bb/vendor/laravel/framework/src/Illuminate/Routing/Router.php(574): Illuminate\Routing\Route->run()
#36 /home/abdulraheem/my-projects/bb/vendor/laravel/framework/src/Illuminate/Routing/Pipeline.php(30): Illuminate\Routing\Router->Illuminate\Routing\{closure}(Object(Illuminate\Http\Request))
#37 /home/abdulraheem/my-projects/bb/app/Http/Middleware/RedirectIfAuthenticated.php(25): Illuminate\Routing\Pipeline->Illuminate\Routing\{closure}(Object(Illuminate\Http\Request))
#38 /home/abdulraheem/my-projects/bb/vendor/laravel/framework/src/Illuminate/Pipeline/Pipeline.php(148): App\Http\Middleware\RedirectIfAuthenticated->handle(Object(Illuminate\Http\Request), Object(Closure))
#39 /home/abdulraheem/my-projects/bb/vendor/laravel/framework/src/Illuminate/Routing/Pipeline.php(53): Illuminate\Pipeline\Pipeline->Illuminate\Pipeline\{closure}(Object(Illuminate\Http\Request))
#40 /home/abdulraheem/my-projects/bb/vendor/laravel/framework/src/Illuminate/Foundation/Http/Middleware/VerifyCsrfToken.php(65): Illuminate\Routing\Pipeline->Illuminate\Routing\{closure}(Object(Illuminate\Http\Request))
#41 /home/abdulraheem/my-projects/bb/vendor/laravel/framework/src/Illuminate/Pipeline/Pipeline.php(148): Illuminate\Foundation\Http\Middleware\VerifyCsrfToken->handle(Object(Illuminate\Http\Request), Object(Closure))
#42 /home/abdulraheem/my-projects/bb/vendor/laravel/framework/src/Illuminate/Routing/Pipeline.php(53): Illuminate\Pipeline\Pipeline->Illuminate\Pipeline\{closure}(Object(Illuminate\Http\Request))
#43 /home/abdulraheem/my-projects/bb/vendor/laravel/framework/src/Illuminate/Routing/Middleware/SubstituteBindings.php(41): Illuminate\Routing\Pipeline->Illuminate\Routing\{closure}(Object(Illuminate\Http\Request))
#44 /home/abdulraheem/my-projects/bb/vendor/laravel/framework/src/Illuminate/Pipeline/Pipeline.php(148): Illuminate\Routing\Middleware\SubstituteBindings->handle(Object(Illuminate\Http\Request), Object(Closure))
#45 /home/abdulraheem/my-projects/bb/vendor/laravel/framework/src/Illuminate/Routing/Pipeline.php(53): Illuminate\Pipeline\Pipeline->Illuminate\Pipeline\{closure}(Object(Illuminate\Http\Request))
#46 /home/abdulraheem/my-projects/bb/vendor/laravel/framework/src/Illuminate/View/Middleware/ShareErrorsFromSession.php(49): Illuminate\Routing\Pipeline->Illuminate\Routing\{closure}(Object(Illuminate\Http\Request))
#47 /home/abdulraheem/my-projects/bb/vendor/laravel/framework/src/Illuminate/Pipeline/Pipeline.php(148): Illuminate\View\Middleware\ShareErrorsFromSession->handle(Object(Illuminate\Http\Request), Object(Closure))
#48 /home/abdulraheem/my-projects/bb/vendor/laravel/framework/src/Illuminate/Routing/Pipeline.php(53): Illuminate\Pipeline\Pipeline->Illuminate\Pipeline\{closure}(Object(Illuminate\Http\Request))
#49 /home/abdulraheem/my-projects/bb/app/Http/Middleware/Language.php(42): Illuminate\Routing\Pipeline->Illuminate\Routing\{closure}(Object(Illuminate\Http\Request))
#50 /home/abdulraheem/my-projects/bb/vendor/laravel/framework/src/Illuminate/Pipeline/Pipeline.php(148): App\Http\Middleware\Language->handle(Object(Illuminate\Http\Request), Object(Closure))
#51 /home/abdulraheem/my-projects/bb/vendor/laravel/framework/src/Illuminate/Routing/Pipeline.php(53): Illuminate\Pipeline\Pipeline->Illuminate\Pipeline\{closure}(Object(Illuminate\Http\Request))
#52 /home/abdulraheem/my-projects/bb/vendor/laravel/framework/src/Illuminate/Session/Middleware/StartSession.php(64): Illuminate\Routing\Pipeline->Illuminate\Routing\{closure}(Object(Illuminate\Http\Request))
#53 /home/abdulraheem/my-projects/bb/vendor/laravel/framework/src/Illuminate/Pipeline/Pipeline.php(148): Illuminate\Session\Middleware\StartSession->handle(Object(Illuminate\Http\Request), Object(Closure))
#54 /home/abdulraheem/my-projects/bb/vendor/laravel/framework/src/Illuminate/Routing/Pipeline.php(53): Illuminate\Pipeline\Pipeline->Illuminate\Pipeline\{closure}(Object(Illuminate\Http\Request))
#55 /home/abdulraheem/my-projects/bb/vendor/laravel/framework/src/Illuminate/Cookie/Middleware/AddQueuedCookiesToResponse.php(37): Illuminate\Routing\Pipeline->Illuminate\Routing\{closure}(Object(Illuminate\Http\Request))
#56 /home/abdulraheem/my-projects/bb/vendor/laravel/framework/src/Illuminate/Pipeline/Pipeline.php(148): Illuminate\Cookie\Middleware\AddQueuedCookiesToResponse->handle(Object(Illuminate\Http\Request), Object(Closure))
#57 /home/abdulraheem/my-projects/bb/vendor/laravel/framework/src/Illuminate/Routing/Pipeline.php(53): Illuminate\Pipeline\Pipeline->Illuminate\Pipeline\{closure}(Object(Illuminate\Http\Request))
#58 /home/abdulraheem/my-projects/bb/vendor/laravel/framework/src/Illuminate/Cookie/Middleware/EncryptCookies.php(59): Illuminate\Routing\Pipeline->Illuminate\Routing\{closure}(Object(Illuminate\Http\Request))
#59 /home/abdulraheem/my-projects/bb/vendor/laravel/framework/src/Illuminate/Pipeline/Pipeline.php(148): Illuminate\Cookie\Middleware\EncryptCookies->handle(Object(Illuminate\Http\Request), Object(Closure))
#60 /home/abdulraheem/my-projects/bb/vendor/laravel/framework/src/Illuminate/Routing/Pipeline.php(53): Illuminate\Pipeline\Pipeline->Illuminate\Pipeline\{closure}(Object(Illuminate\Http\Request))
#61 /home/abdulraheem/my-projects/bb/vendor/laravel/framework/src/Illuminate/Pipeline/Pipeline.php(102): Illuminate\Routing\Pipeline->Illuminate\Routing\{closure}(Object(Illuminate\Http\Request))
#62 /home/abdulraheem/my-projects/bb/vendor/laravel/framework/src/Illuminate/Routing/Router.php(576): Illuminate\Pipeline\Pipeline->then(Object(Closure))
#63 /home/abdulraheem/my-projects/bb/vendor/laravel/framework/src/Illuminate/Routing/Router.php(535): Illuminate\Routing\Router->runRouteWithinStack(Object(Illuminate\Routing\Route), Object(Illuminate\Http\Request))
#64 /home/abdulraheem/my-projects/bb/vendor/laravel/framework/src/Illuminate/Routing/Router.php(513): Illuminate\Routing\Router->dispatchToRoute(Object(Illuminate\Http\Request))
#65 /home/abdulraheem/my-projects/bb/vendor/laravel/framework/src/Illuminate/Foundation/Http/Kernel.php(176): Illuminate\Routing\Router->dispatch(Object(Illuminate\Http\Request))
#66 /home/abdulraheem/my-projects/bb/vendor/laravel/framework/src/Illuminate/Routing/Pipeline.php(30): Illuminate\Foundation\Http\Kernel->Illuminate\Foundation\Http\{closure}(Object(Illuminate\Http\Request))
#67 /home/abdulraheem/my-projects/bb/vendor/laravel/framework/src/Illuminate/Foundation/Http/Middleware/CheckForMaintenanceMode.php(46): Illuminate\Routing\Pipeline->Illuminate\Routing\{closure}(Object(Illuminate\Http\Request))
#68 /home/abdulraheem/my-projects/bb/vendor/laravel/framework/src/Illuminate/Pipeline/Pipeline.php(148): Illuminate\Foundation\Http\Middleware\CheckForMaintenanceMode->handle(Object(Illuminate\Http\Request), Object(Closure))
#69 /home/abdulraheem/my-projects/bb/vendor/laravel/framework/src/Illuminate/Routing/Pipeline.php(53): Illuminate\Pipeline\Pipeline->Illuminate\Pipeline\{closure}(Object(Illuminate\Http\Request))
#70 /home/abdulraheem/my-projects/bb/vendor/laravel/framework/src/Illuminate/Pipeline/Pipeline.php(102): Illuminate\Routing\Pipeline->Illuminate\Routing\{closure}(Object(Illuminate\Http\Request))
#71 /home/abdulraheem/my-projects/bb/vendor/laravel/framework/src/Illuminate/Foundation/Http/Kernel.php(151): Illuminate\Pipeline\Pipeline->then(Object(Closure))
#72 /home/abdulraheem/my-projects/bb/vendor/laravel/framework/src/Illuminate/Foundation/Http/Kernel.php(116): Illuminate\Foundation\Http\Kernel->sendRequestThroughRouter(Object(Illuminate\Http\Request))
#73 /home/abdulraheem/my-projects/bb/public/index.php(52): Illuminate\Foundation\Http\Kernel->handle(Object(Illuminate\Http\Request))
#74 /home/abdulraheem/.composer/vendor/cpriego/valet-linux/server.php(204): require('/home/abdulrahe...')
#75 {main}

Next Illuminate\Database\QueryException: SQLSTATE[42S02]: Base table or view not found: 1146 Table 'bb.static_pages' doesn't exist (SQL: select * from `static_pages` where `active` = 1) in /home/abdulraheem/my-projects/bb/vendor/laravel/framework/src/Illuminate/Database/Connection.php:647
Stack trace:
#0 /home/abdulraheem/my-projects/bb/vendor/laravel/framework/src/Illuminate/Database/Connection.php(607): Illuminate\Database\Connection->runQueryCallback('select * from `...', Array, Object(Closure))
#1 /home/abdulraheem/my-projects/bb/vendor/laravel/framework/src/Illuminate/Database/Connection.php(326): Illuminate\Database\Connection->run('select * from `...', Array, Object(Closure))
#2 /home/abdulraheem/my-projects/bb/vendor/laravel/framework/src/Illuminate/Database/Query/Builder.php(1710): Illuminate\Database\Connection->select('select * from `...', Array, true)
#3 /home/abdulraheem/my-projects/bb/vendor/laravel/framework/src/Illuminate/Database/Query/Builder.php(1695): Illuminate\Database\Query\Builder->runSelect()
#4 /home/abdulraheem/my-projects/bb/vendor/laravel/framework/src/Illuminate/Database/Eloquent/Builder.php(462): Illuminate\Database\Query\Builder->get(Array)
#5 /home/abdulraheem/my-projects/bb/vendor/laravel/framework/src/Illuminate/Database/Eloquent/Builder.php(446): Illuminate\Database\Eloquent\Builder->getModels(Array)
#6 /home/abdulraheem/my-projects/bb/app/StaticPage.php(45): Illuminate\Database\Eloquent\Builder->get()
#7 /home/abdulraheem/my-projects/bb/vendor/laravel/framework/src/Illuminate/Database/Eloquent/Builder.php(934): App\StaticPage->scopeActive(Object(Illuminate\Database\Eloquent\Builder))
#8 /home/abdulraheem/my-projects/bb/vendor/laravel/framework/src/Illuminate/Database/Eloquent/Builder.php(1247): Illuminate\Database\Eloquent\Builder->callScope(Array, Array)
#9 /home/abdulraheem/my-projects/bb/vendor/laravel/framework/src/Illuminate/Database/Eloquent/Model.php(1357): Illuminate\Database\Eloquent\Builder->__call('active', Array)
#10 /home/abdulraheem/my-projects/bb/vendor/laravel/framework/src/Illuminate/Database/Eloquent/Model.php(1369): Illuminate\Database\Eloquent\Model->__call('active', Array)
#11 /home/abdulraheem/my-projects/bb/storage/framework/views/1b31ef8ad4b92fc0a951053e35d84c43e036657f.php(19): Illuminate\Database\Eloquent\Model::__callStatic('active', Array)
#12 /home/abdulraheem/my-projects/bb/vendor/laravel/framework/src/Illuminate/View/Engines/PhpEngine.php(42): include('/home/abdulrahe...')
#13 /home/abdulraheem/my-projects/bb/vendor/laravel/framework/src/Illuminate/View/Engines/CompilerEngine.php(59): Illuminate\View\Engines\PhpEngine->evaluatePath('/home/abdulrahe...', Array)
#14 /home/abdulraheem/my-projects/bb/vendor/laravel/framework/src/Illuminate/View/View.php(137): Illuminate\View\Engines\CompilerEngine->get('/home/abdulrahe...', Array)
#15 /home/abdulraheem/my-projects/bb/vendor/laravel/framework/src/Illuminate/View/View.php(120): Illuminate\View\View->getContents()
#16 /home/abdulraheem/my-projects/bb/vendor/laravel/framework/src/Illuminate/View/View.php(85): Illuminate\View\View->renderContents()
#17 /home/abdulraheem/my-projects/bb/vendor/teepluss/theme/src/Theme.php(638): Illuminate\View\View->render()
#18 /home/abdulraheem/my-projects/bb/vendor/teepluss/theme/src/Theme.php(603): Teepluss\Theme\Theme->loadPartial('footer', 'theme.default::...', Array)
#19 /home/abdulraheem/my-projects/bb/vendor/laravel/framework/src/Illuminate/Support/Facades/Facade.php(221): Teepluss\Theme\Theme->partial('footer')
#20 /home/abdulraheem/my-projects/bb/storage/framework/views/d7902d5ac63037c4bb9a0a7d557e127674dc2518.php(53): Illuminate\Support\Facades\Facade::__callStatic('partial', Array)
#21 /home/abdulraheem/my-projects/bb/vendor/laravel/framework/src/Illuminate/View/Engines/PhpEngine.php(42): include('/home/abdulrahe...')
#22 /home/abdulraheem/my-projects/bb/vendor/laravel/framework/src/Illuminate/View/Engines/CompilerEngine.php(59): Illuminate\View\Engines\PhpEngine->evaluatePath('/home/abdulrahe...', Array)
#23 /home/abdulraheem/my-projects/bb/vendor/laravel/framework/src/Illuminate/View/View.php(137): Illuminate\View\Engines\CompilerEngine->get('/home/abdulrahe...', Array)
#24 /home/abdulraheem/my-projects/bb/vendor/laravel/framework/src/Illuminate/View/View.php(120): Illuminate\View\View->getContents()
#25 /home/abdulraheem/my-projects/bb/vendor/laravel/framework/src/Illuminate/View/View.php(85): Illuminate\View\View->renderContents()
#26 /home/abdulraheem/my-projects/bb/vendor/teepluss/theme/src/Theme.php(1151): Illuminate\View\View->render()
#27 /home/abdulraheem/my-projects/bb/app/Http/Controllers/Auth/LoginController.php(53): Teepluss\Theme\Theme->render()
#28 [internal function]: App\Http\Controllers\Auth\LoginController->getLogin()
#29 /home/abdulraheem/my-projects/bb/vendor/laravel/framework/src/Illuminate/Routing/Controller.php(55): call_user_func_array(Array, Array)
#30 /home/abdulraheem/my-projects/bb/vendor/laravel/framework/src/Illuminate/Routing/ControllerDispatcher.php(44): Illuminate\Routing\Controller->callAction('getLogin', Array)
#31 /home/abdulraheem/my-projects/bb/vendor/laravel/framework/src/Illuminate/Routing/Route.php(203): Illuminate\Routing\ControllerDispatcher->dispatch(Object(Illuminate\Routing\Route), Object(App\Http\Controllers\Auth\LoginController), 'getLogin')
#32 /home/abdulraheem/my-projects/bb/vendor/laravel/framework/src/Illuminate/Routing/Route.php(160): Illuminate\Routing\Route->runController()
#33 /home/abdulraheem/my-projects/bb/vendor/laravel/framework/src/Illuminate/Routing/Router.php(574): Illuminate\Routing\Route->run()
#34 /home/abdulraheem/my-projects/bb/vendor/laravel/framework/src/Illuminate/Routing/Pipeline.php(30): Illuminate\Routing\Router->Illuminate\Routing\{closure}(Object(Illuminate\Http\Request))
#35 /home/abdulraheem/my-projects/bb/app/Http/Middleware/RedirectIfAuthenticated.php(25): Illuminate\Routing\Pipeline->Illuminate\Routing\{closure}(Object(Illuminate\Http\Request))
#36 /home/abdulraheem/my-projects/bb/vendor/laravel/framework/src/Illuminate/Pipeline/Pipeline.php(148): App\Http\Middleware\RedirectIfAuthenticated->handle(Object(Illuminate\Http\Request), Object(Closure))
#37 /home/abdulraheem/my-projects/bb/vendor/laravel/framework/src/Illuminate/Routing/Pipeline.php(53): Illuminate\Pipeline\Pipeline->Illuminate\Pipeline\{closure}(Object(Illuminate\Http\Request))
#38 /home/abdulraheem/my-projects/bb/vendor/laravel/framework/src/Illuminate/Foundation/Http/Middleware/VerifyCsrfToken.php(65): Illuminate\Routing\Pipeline->Illuminate\Routing\{closure}(Object(Illuminate\Http\Request))
#39 /home/abdulraheem/my-projects/bb/vendor/laravel/framework/src/Illuminate/Pipeline/Pipeline.php(148): Illuminate\Foundation\Http\Middleware\VerifyCsrfToken->handle(Object(Illuminate\Http\Request), Object(Closure))
#40 /home/abdulraheem/my-projects/bb/vendor/laravel/framework/src/Illuminate/Routing/Pipeline.php(53): Illuminate\Pipeline\Pipeline->Illuminate\Pipeline\{closure}(Object(Illuminate\Http\Request))
#41 /home/abdulraheem/my-projects/bb/vendor/laravel/framework/src/Illuminate/Routing/Middleware/SubstituteBindings.php(41): Illuminate\Routing\Pipeline->Illuminate\Routing\{closure}(Object(Illuminate\Http\Request))
#42 /home/abdulraheem/my-projects/bb/vendor/laravel/framework/src/Illuminate/Pipeline/Pipeline.php(148): Illuminate\Routing\Middleware\SubstituteBindings->handle(Object(Illuminate\Http\Request), Object(Closure))
#43 /home/abdulraheem/my-projects/bb/vendor/laravel/framework/src/Illuminate/Routing/Pipeline.php(53): Illuminate\Pipeline\Pipeline->Illuminate\Pipeline\{closure}(Object(Illuminate\Http\Request))
#44 /home/abdulraheem/my-projects/bb/vendor/laravel/framework/src/Illuminate/View/Middleware/ShareErrorsFromSession.php(49): Illuminate\Routing\Pipeline->Illuminate\Routing\{closure}(Object(Illuminate\Http\Request))
#45 /home/abdulraheem/my-projects/bb/vendor/laravel/framework/src/Illuminate/Pipeline/Pipeline.php(148): Illuminate\View\Middleware\ShareErrorsFromSession->handle(Object(Illuminate\Http\Request), Object(Closure))
#46 /home/abdulraheem/my-projects/bb/vendor/laravel/framework/src/Illuminate/Routing/Pipeline.php(53): Illuminate\Pipeline\Pipeline->Illuminate\Pipeline\{closure}(Object(Illuminate\Http\Request))
#47 /home/abdulraheem/my-projects/bb/app/Http/Middleware/Language.php(42): Illuminate\Routing\Pipeline->Illuminate\Routing\{closure}(Object(Illuminate\Http\Request))
#48 /home/abdulraheem/my-projects/bb/vendor/laravel/framework/src/Illuminate/Pipeline/Pipeline.php(148): App\Http\Middleware\Language->handle(Object(Illuminate\Http\Request), Object(Closure))
#49 /home/abdulraheem/my-projects/bb/vendor/laravel/framework/src/Illuminate/Routing/Pipeline.php(53): Illuminate\Pipeline\Pipeline->Illuminate\Pipeline\{closure}(Object(Illuminate\Http\Request))
#50 /home/abdulraheem/my-projects/bb/vendor/laravel/framework/src/Illuminate/Session/Middleware/StartSession.php(64): Illuminate\Routing\Pipeline->Illuminate\Routing\{closure}(Object(Illuminate\Http\Request))
#51 /home/abdulraheem/my-projects/bb/vendor/laravel/framework/src/Illuminate/Pipeline/Pipeline.php(148): Illuminate\Session\Middleware\StartSession->handle(Object(Illuminate\Http\Request), Object(Closure))
#52 /home/abdulraheem/my-projects/bb/vendor/laravel/framework/src/Illuminate/Routing/Pipeline.php(53): Illuminate\Pipeline\Pipeline->Illuminate\Pipeline\{closure}(Object(Illuminate\Http\Request))
#53 /home/abdulraheem/my-projects/bb/vendor/laravel/framework/src/Illuminate/Cookie/Middleware/AddQueuedCookiesToResponse.php(37): Illuminate\Routing\Pipeline->Illuminate\Routing\{closure}(Object(Illuminate\Http\Request))
#54 /home/abdulraheem/my-projects/bb/vendor/laravel/framework/src/Illuminate/Pipeline/Pipeline.php(148): Illuminate\Cookie\Middleware\AddQueuedCookiesToResponse->handle(Object(Illuminate\Http\Request), Object(Closure))
#55 /home/abdulraheem/my-projects/bb/vendor/laravel/framework/src/Illuminate/Routing/Pipeline.php(53): Illuminate\Pipeline\Pipeline->Illuminate\Pipeline\{closure}(Object(Illuminate\Http\Request))
#56 /home/abdulraheem/my-projects/bb/vendor/laravel/framework/src/Illuminate/Cookie/Middleware/EncryptCookies.php(59): Illuminate\Routing\Pipeline->Illuminate\Routing\{closure}(Object(Illuminate\Http\Request))
#57 /home/abdulraheem/my-projects/bb/vendor/laravel/framework/src/Illuminate/Pipeline/Pipeline.php(148): Illuminate\Cookie\Middleware\EncryptCookies->handle(Object(Illuminate\Http\Request), Object(Closure))
#58 /home/abdulraheem/my-projects/bb/vendor/laravel/framework/src/Illuminate/Routing/Pipeline.php(53): Illuminate\Pipeline\Pipeline->Illuminate\Pipeline\{closure}(Object(Illuminate\Http\Request))
#59 /home/abdulraheem/my-projects/bb/vendor/laravel/framework/src/Illuminate/Pipeline/Pipeline.php(102): Illuminate\Routing\Pipeline->Illuminate\Routing\{closure}(Object(Illuminate\Http\Request))
#60 /home/abdulraheem/my-projects/bb/vendor/laravel/framework/src/Illuminate/Routing/Router.php(576): Illuminate\Pipeline\Pipeline->then(Object(Closure))
#61 /home/abdulraheem/my-projects/bb/vendor/laravel/framework/src/Illuminate/Routing/Router.php(535): Illuminate\Routing\Router->runRouteWithinStack(Object(Illuminate\Routing\Route), Object(Illuminate\Http\Request))
#62 /home/abdulraheem/my-projects/bb/vendor/laravel/framework/src/Illuminate/Routing/Router.php(513): Illuminate\Routing\Router->dispatchToRoute(Object(Illuminate\Http\Request))
#63 /home/abdulraheem/my-projects/bb/vendor/laravel/framework/src/Illuminate/Foundation/Http/Kernel.php(176): Illuminate\Routing\Router->dispatch(Object(Illuminate\Http\Request))
#64 /home/abdulraheem/my-projects/bb/vendor/laravel/framework/src/Illuminate/Routing/Pipeline.php(30): Illuminate\Foundation\Http\Kernel->Illuminate\Foundation\Http\{closure}(Object(Illuminate\Http\Request))
#65 /home/abdulraheem/my-projects/bb/vendor/laravel/framework/src/Illuminate/Foundation/Http/Middleware/CheckForMaintenanceMode.php(46): Illuminate\Routing\Pipeline->Illuminate\Routing\{closure}(Object(Illuminate\Http\Request))
#66 /home/abdulraheem/my-projects/bb/vendor/laravel/framework/src/Illuminate/Pipeline/Pipeline.php(148): Illuminate\Foundation\Http\Middleware\CheckForMaintenanceMode->handle(Object(Illuminate\Http\Request), Object(Closure))
#67 /home/abdulraheem/my-projects/bb/vendor/laravel/framework/src/Illuminate/Routing/Pipeline.php(53): Illuminate\Pipeline\Pipeline->Illuminate\Pipeline\{closure}(Object(Illuminate\Http\Request))
#68 /home/abdulraheem/my-projects/bb/vendor/laravel/framework/src/Illuminate/Pipeline/Pipeline.php(102): Illuminate\Routing\Pipeline->Illuminate\Routing\{closure}(Object(Illuminate\Http\Request))
#69 /home/abdulraheem/my-projects/bb/vendor/laravel/framework/src/Illuminate/Foundation/Http/Kernel.php(151): Illuminate\Pipeline\Pipeline->then(Object(Closure))
#70 /home/abdulraheem/my-projects/bb/vendor/laravel/framework/src/Illuminate/Foundation/Http/Kernel.php(116): Illuminate\Foundation\Http\Kernel->sendRequestThroughRouter(Object(Illuminate\Http\Request))
#71 /home/abdulraheem/my-projects/bb/public/index.php(52): Illuminate\Foundation\Http\Kernel->handle(Object(Illuminate\Http\Request))
#72 /home/abdulraheem/.composer/vendor/cpriego/valet-linux/server.php(204): require('/home/abdulrahe...')
#73 {main}

Next ErrorException: SQLSTATE[42S02]: Base table or view not found: 1146 Table 'bb.static_pages' doesn't exist (SQL: select * from `static_pages` where `active` = 1) (View: /home/abdulraheem/my-projects/bb/public/themes/default/partials/footer.blade.php) in /home/abdulraheem/my-projects/bb/vendor/laravel/framework/src/Illuminate/Database/Connection.php:647
Stack trace:
#0 /home/abdulraheem/my-projects/bb/vendor/laravel/framework/src/Illuminate/View/Engines/PhpEngine.php(44): Illuminate\View\Engines\CompilerEngine->handleViewException(Object(Illuminate\Database\QueryException), 2)
#1 /home/abdulraheem/my-projects/bb/vendor/laravel/framework/src/Illuminate/View/Engines/CompilerEngine.php(59): Illuminate\View\Engines\PhpEngine->evaluatePath('/home/abdulrahe...', Array)
#2 /home/abdulraheem/my-projects/bb/vendor/laravel/framework/src/Illuminate/View/View.php(137): Illuminate\View\Engines\CompilerEngine->get('/home/abdulrahe...', Array)
#3 /home/abdulraheem/my-projects/bb/vendor/laravel/framework/src/Illuminate/View/View.php(120): Illuminate\View\View->getContents()
#4 /home/abdulraheem/my-projects/bb/vendor/laravel/framework/src/Illuminate/View/View.php(85): Illuminate\View\View->renderContents()
#5 /home/abdulraheem/my-projects/bb/vendor/teepluss/theme/src/Theme.php(638): Illuminate\View\View->render()
#6 /home/abdulraheem/my-projects/bb/vendor/teepluss/theme/src/Theme.php(603): Teepluss\Theme\Theme->loadPartial('footer', 'theme.default::...', Array)
#7 /home/abdulraheem/my-projects/bb/vendor/laravel/framework/src/Illuminate/Support/Facades/Facade.php(221): Teepluss\Theme\Theme->partial('footer')
#8 /home/abdulraheem/my-projects/bb/storage/framework/views/d7902d5ac63037c4bb9a0a7d557e127674dc2518.php(53): Illuminate\Support\Facades\Facade::__callStatic('partial', Array)
#9 /home/abdulraheem/my-projects/bb/vendor/laravel/framework/src/Illuminate/View/Engines/PhpEngine.php(42): include('/home/abdulrahe...')
#10 /home/abdulraheem/my-projects/bb/vendor/laravel/framework/src/Illuminate/View/Engines/CompilerEngine.php(59): Illuminate\View\Engines\PhpEngine->evaluatePath('/home/abdulrahe...', Array)
#11 /home/abdulraheem/my-projects/bb/vendor/laravel/framework/src/Illuminate/View/View.php(137): Illuminate\View\Engines\CompilerEngine->get('/home/abdulrahe...', Array)
#12 /home/abdulraheem/my-projects/bb/vendor/laravel/framework/src/Illuminate/View/View.php(120): Illuminate\View\View->getContents()
#13 /home/abdulraheem/my-projects/bb/vendor/laravel/framework/src/Illuminate/View/View.php(85): Illuminate\View\View->renderContents()
#14 /home/abdulraheem/my-projects/bb/vendor/teepluss/theme/src/Theme.php(1151): Illuminate\View\View->render()
#15 /home/abdulraheem/my-projects/bb/app/Http/Controllers/Auth/LoginController.php(53): Teepluss\Theme\Theme->render()
#16 [internal function]: App\Http\Controllers\Auth\LoginController->getLogin()
#17 /home/abdulraheem/my-projects/bb/vendor/laravel/framework/src/Illuminate/Routing/Controller.php(55): call_user_func_array(Array, Array)
#18 /home/abdulraheem/my-projects/bb/vendor/laravel/framework/src/Illuminate/Routing/ControllerDispatcher.php(44): Illuminate\Routing\Controller->callAction('getLogin', Array)
#19 /home/abdulraheem/my-projects/bb/vendor/laravel/framework/src/Illuminate/Routing/Route.php(203): Illuminate\Routing\ControllerDispatcher->dispatch(Object(Illuminate\Routing\Route), Object(App\Http\Controllers\Auth\LoginController), 'getLogin')
#20 /home/abdulraheem/my-projects/bb/vendor/laravel/framework/src/Illuminate/Routing/Route.php(160): Illuminate\Routing\Route->runController()
#21 /home/abdulraheem/my-projects/bb/vendor/laravel/framework/src/Illuminate/Routing/Router.php(574): Illuminate\Routing\Route->run()
#22 /home/abdulraheem/my-projects/bb/vendor/laravel/framework/src/Illuminate/Routing/Pipeline.php(30): Illuminate\Routing\Router->Illuminate\Routing\{closure}(Object(Illuminate\Http\Request))
#23 /home/abdulraheem/my-projects/bb/app/Http/Middleware/RedirectIfAuthenticated.php(25): Illuminate\Routing\Pipeline->Illuminate\Routing\{closure}(Object(Illuminate\Http\Request))
#24 /home/abdulraheem/my-projects/bb/vendor/laravel/framework/src/Illuminate/Pipeline/Pipeline.php(148): App\Http\Middleware\RedirectIfAuthenticated->handle(Object(Illuminate\Http\Request), Object(Closure))
#25 /home/abdulraheem/my-projects/bb/vendor/laravel/framework/src/Illuminate/Routing/Pipeline.php(53): Illuminate\Pipeline\Pipeline->Illuminate\Pipeline\{closure}(Object(Illuminate\Http\Request))
#26 /home/abdulraheem/my-projects/bb/vendor/laravel/framework/src/Illuminate/Foundation/Http/Middleware/VerifyCsrfToken.php(65): Illuminate\Routing\Pipeline->Illuminate\Routing\{closure}(Object(Illuminate\Http\Request))
#27 /home/abdulraheem/my-projects/bb/vendor/laravel/framework/src/Illuminate/Pipeline/Pipeline.php(148): Illuminate\Foundation\Http\Middleware\VerifyCsrfToken->handle(Object(Illuminate\Http\Request), Object(Closure))
#28 /home/abdulraheem/my-projects/bb/vendor/laravel/framework/src/Illuminate/Routing/Pipeline.php(53): Illuminate\Pipeline\Pipeline->Illuminate\Pipeline\{closure}(Object(Illuminate\Http\Request))
#29 /home/abdulraheem/my-projects/bb/vendor/laravel/framework/src/Illuminate/Routing/Middleware/SubstituteBindings.php(41): Illuminate\Routing\Pipeline->Illuminate\Routing\{closure}(Object(Illuminate\Http\Request))
#30 /home/abdulraheem/my-projects/bb/vendor/laravel/framework/src/Illuminate/Pipeline/Pipeline.php(148): Illuminate\Routing\Middleware\SubstituteBindings->handle(Object(Illuminate\Http\Request), Object(Closure))
#31 /home/abdulraheem/my-projects/bb/vendor/laravel/framework/src/Illuminate/Routing/Pipeline.php(53): Illuminate\Pipeline\Pipeline->Illuminate\Pipeline\{closure}(Object(Illuminate\Http\Request))
#32 /home/abdulraheem/my-projects/bb/vendor/laravel/framework/src/Illuminate/View/Middleware/ShareErrorsFromSession.php(49): Illuminate\Routing\Pipeline->Illuminate\Routing\{closure}(Object(Illuminate\Http\Request))
#33 /home/abdulraheem/my-projects/bb/vendor/laravel/framework/src/Illuminate/Pipeline/Pipeline.php(148): Illuminate\View\Middleware\ShareErrorsFromSession->handle(Object(Illuminate\Http\Request), Object(Closure))
#34 /home/abdulraheem/my-projects/bb/vendor/laravel/framework/src/Illuminate/Routing/Pipeline.php(53): Illuminate\Pipeline\Pipeline->Illuminate\Pipeline\{closure}(Object(Illuminate\Http\Request))
#35 /home/abdulraheem/my-projects/bb/app/Http/Middleware/Language.php(42): Illuminate\Routing\Pipeline->Illuminate\Routing\{closure}(Object(Illuminate\Http\Request))
#36 /home/abdulraheem/my-projects/bb/vendor/laravel/framework/src/Illuminate/Pipeline/Pipeline.php(148): App\Http\Middleware\Language->handle(Object(Illuminate\Http\Request), Object(Closure))
#37 /home/abdulraheem/my-projects/bb/vendor/laravel/framework/src/Illuminate/Routing/Pipeline.php(53): Illuminate\Pipeline\Pipeline->Illuminate\Pipeline\{closure}(Object(Illuminate\Http\Request))
#38 /home/abdulraheem/my-projects/bb/vendor/laravel/framework/src/Illuminate/Session/Middleware/StartSession.php(64): Illuminate\Routing\Pipeline->Illuminate\Routing\{closure}(Object(Illuminate\Http\Request))
#39 /home/abdulraheem/my-projects/bb/vendor/laravel/framework/src/Illuminate/Pipeline/Pipeline.php(148): Illuminate\Session\Middleware\StartSession->handle(Object(Illuminate\Http\Request), Object(Closure))
#40 /home/abdulraheem/my-projects/bb/vendor/laravel/framework/src/Illuminate/Routing/Pipeline.php(53): Illuminate\Pipeline\Pipeline->Illuminate\Pipeline\{closure}(Object(Illuminate\Http\Request))
#41 /home/abdulraheem/my-projects/bb/vendor/laravel/framework/src/Illuminate/Cookie/Middleware/AddQueuedCookiesToResponse.php(37): Illuminate\Routing\Pipeline->Illuminate\Routing\{closure}(Object(Illuminate\Http\Request))
#42 /home/abdulraheem/my-projects/bb/vendor/laravel/framework/src/Illuminate/Pipeline/Pipeline.php(148): Illuminate\Cookie\Middleware\AddQueuedCookiesToResponse->handle(Object(Illuminate\Http\Request), Object(Closure))
#43 /home/abdulraheem/my-projects/bb/vendor/laravel/framework/src/Illuminate/Routing/Pipeline.php(53): Illuminate\Pipeline\Pipeline->Illuminate\Pipeline\{closure}(Object(Illuminate\Http\Request))
#44 /home/abdulraheem/my-projects/bb/vendor/laravel/framework/src/Illuminate/Cookie/Middleware/EncryptCookies.php(59): Illuminate\Routing\Pipeline->Illuminate\Routing\{closure}(Object(Illuminate\Http\Request))
#45 /home/abdulraheem/my-projects/bb/vendor/laravel/framework/src/Illuminate/Pipeline/Pipeline.php(148): Illuminate\Cookie\Middleware\EncryptCookies->handle(Object(Illuminate\Http\Request), Object(Closure))
#46 /home/abdulraheem/my-projects/bb/vendor/laravel/framework/src/Illuminate/Routing/Pipeline.php(53): Illuminate\Pipeline\Pipeline->Illuminate\Pipeline\{closure}(Object(Illuminate\Http\Request))
#47 /home/abdulraheem/my-projects/bb/vendor/laravel/framework/src/Illuminate/Pipeline/Pipeline.php(102): Illuminate\Routing\Pipeline->Illuminate\Routing\{closure}(Object(Illuminate\Http\Request))
#48 /home/abdulraheem/my-projects/bb/vendor/laravel/framework/src/Illuminate/Routing/Router.php(576): Illuminate\Pipeline\Pipeline->then(Object(Closure))
#49 /home/abdulraheem/my-projects/bb/vendor/laravel/framework/src/Illuminate/Routing/Router.php(535): Illuminate\Routing\Router->runRouteWithinStack(Object(Illuminate\Routing\Route), Object(Illuminate\Http\Request))
#50 /home/abdulraheem/my-projects/bb/vendor/laravel/framework/src/Illuminate/Routing/Router.php(513): Illuminate\Routing\Router->dispatchToRoute(Object(Illuminate\Http\Request))
#51 /home/abdulraheem/my-projects/bb/vendor/laravel/framework/src/Illuminate/Foundation/Http/Kernel.php(176): Illuminate\Routing\Router->dispatch(Object(Illuminate\Http\Request))
#52 /home/abdulraheem/my-projects/bb/vendor/laravel/framework/src/Illuminate/Routing/Pipeline.php(30): Illuminate\Foundation\Http\Kernel->Illuminate\Foundation\Http\{closure}(Object(Illuminate\Http\Request))
#53 /home/abdulraheem/my-projects/bb/vendor/laravel/framework/src/Illuminate/Foundation/Http/Middleware/CheckForMaintenanceMode.php(46): Illuminate\Routing\Pipeline->Illuminate\Routing\{closure}(Object(Illuminate\Http\Request))
#54 /home/abdulraheem/my-projects/bb/vendor/laravel/framework/src/Illuminate/Pipeline/Pipeline.php(148): Illuminate\Foundation\Http\Middleware\CheckForMaintenanceMode->handle(Object(Illuminate\Http\Request), Object(Closure))
#55 /home/abdulraheem/my-projects/bb/vendor/laravel/framework/src/Illuminate/Routing/Pipeline.php(53): Illuminate\Pipeline\Pipeline->Illuminate\Pipeline\{closure}(Object(Illuminate\Http\Request))
#56 /home/abdulraheem/my-projects/bb/vendor/laravel/framework/src/Illuminate/Pipeline/Pipeline.php(102): Illuminate\Routing\Pipeline->Illuminate\Routing\{closure}(Object(Illuminate\Http\Request))
#57 /home/abdulraheem/my-projects/bb/vendor/laravel/framework/src/Illuminate/Foundation/Http/Kernel.php(151): Illuminate\Pipeline\Pipeline->then(Object(Closure))
#58 /home/abdulraheem/my-projects/bb/vendor/laravel/framework/src/Illuminate/Foundation/Http/Kernel.php(116): Illuminate\Foundation\Http\Kernel->sendRequestThroughRouter(Object(Illuminate\Http\Request))
#59 /home/abdulraheem/my-projects/bb/public/index.php(52): Illuminate\Foundation\Http\Kernel->handle(Object(Illuminate\Http\Request))
#60 /home/abdulraheem/.composer/vendor/cpriego/valet-linux/server.php(204): require('/home/abdulrahe...')
#61 {main}

Next ErrorException: SQLSTATE[42S02]: Base table or view not found: 1146 Table 'bb.static_pages' doesn't exist (SQL: select * from `static_pages` where `active` = 1) (View: /home/abdulraheem/my-projects/bb/public/themes/default/partials/footer.blade.php) (View: /home/abdulraheem/my-projects/bb/public/themes/default/partials/footer.blade.php) in /home/abdulraheem/my-projects/bb/vendor/laravel/framework/src/Illuminate/Database/Connection.php:647
Stack trace:
#0 /home/abdulraheem/my-projects/bb/vendor/laravel/framework/src/Illuminate/View/Engines/PhpEngine.php(44): Illuminate\View\Engines\CompilerEngine->handleViewException(Object(ErrorException), 1)
#1 /home/abdulraheem/my-projects/bb/vendor/laravel/framework/src/Illuminate/View/Engines/CompilerEngine.php(59): Illuminate\View\Engines\PhpEngine->evaluatePath('/home/abdulrahe...', Array)
#2 /home/abdulraheem/my-projects/bb/vendor/laravel/framework/src/Illuminate/View/View.php(137): Illuminate\View\Engines\CompilerEngine->get('/home/abdulrahe...', Array)
#3 /home/abdulraheem/my-projects/bb/vendor/laravel/framework/src/Illuminate/View/View.php(120): Illuminate\View\View->getContents()
#4 /home/abdulraheem/my-projects/bb/vendor/laravel/framework/src/Illuminate/View/View.php(85): Illuminate\View\View->renderContents()
#5 /home/abdulraheem/my-projects/bb/vendor/teepluss/theme/src/Theme.php(1151): Illuminate\View\View->render()
#6 /home/abdulraheem/my-projects/bb/app/Http/Controllers/Auth/LoginController.php(53): Teepluss\Theme\Theme->render()
#7 [internal function]: App\Http\Controllers\Auth\LoginController->getLogin()
#8 /home/abdulraheem/my-projects/bb/vendor/laravel/framework/src/Illuminate/Routing/Controller.php(55): call_user_func_array(Array, Array)
#9 /home/abdulraheem/my-projects/bb/vendor/laravel/framework/src/Illuminate/Routing/ControllerDispatcher.php(44): Illuminate\Routing\Controller->callAction('getLogin', Array)
#10 /home/abdulraheem/my-projects/bb/vendor/laravel/framework/src/Illuminate/Routing/Route.php(203): Illuminate\Routing\ControllerDispatcher->dispatch(Object(Illuminate\Routing\Route), Object(App\Http\Controllers\Auth\LoginController), 'getLogin')
#11 /home/abdulraheem/my-projects/bb/vendor/laravel/framework/src/Illuminate/Routing/Route.php(160): Illuminate\Routing\Route->runController()
#12 /home/abdulraheem/my-projects/bb/vendor/laravel/framework/src/Illuminate/Routing/Router.php(574): Illuminate\Routing\Route->run()
#13 /home/abdulraheem/my-projects/bb/vendor/laravel/framework/src/Illuminate/Routing/Pipeline.php(30): Illuminate\Routing\Router->Illuminate\Routing\{closure}(Object(Illuminate\Http\Request))
#14 /home/abdulraheem/my-projects/bb/app/Http/Middleware/RedirectIfAuthenticated.php(25): Illuminate\Routing\Pipeline->Illuminate\Routing\{closure}(Object(Illuminate\Http\Request))
#15 /home/abdulraheem/my-projects/bb/vendor/laravel/framework/src/Illuminate/Pipeline/Pipeline.php(148): App\Http\Middleware\RedirectIfAuthenticated->handle(Object(Illuminate\Http\Request), Object(Closure))
#16 /home/abdulraheem/my-projects/bb/vendor/laravel/framework/src/Illuminate/Routing/Pipeline.php(53): Illuminate\Pipeline\Pipeline->Illuminate\Pipeline\{closure}(Object(Illuminate\Http\Request))
#17 /home/abdulraheem/my-projects/bb/vendor/laravel/framework/src/Illuminate/Foundation/Http/Middleware/VerifyCsrfToken.php(65): Illuminate\Routing\Pipeline->Illuminate\Routing\{closure}(Object(Illuminate\Http\Request))
#18 /home/abdulraheem/my-projects/bb/vendor/laravel/framework/src/Illuminate/Pipeline/Pipeline.php(148): Illuminate\Foundation\Http\Middleware\VerifyCsrfToken->handle(Object(Illuminate\Http\Request), Object(Closure))
#19 /home/abdulraheem/my-projects/bb/vendor/laravel/framework/src/Illuminate/Routing/Pipeline.php(53): Illuminate\Pipeline\Pipeline->Illuminate\Pipeline\{closure}(Object(Illuminate\Http\Request))
#20 /home/abdulraheem/my-projects/bb/vendor/laravel/framework/src/Illuminate/Routing/Middleware/SubstituteBindings.php(41): Illuminate\Routing\Pipeline->Illuminate\Routing\{closure}(Object(Illuminate\Http\Request))
#21 /home/abdulraheem/my-projects/bb/vendor/laravel/framework/src/Illuminate/Pipeline/Pipeline.php(148): Illuminate\Routing\Middleware\SubstituteBindings->handle(Object(Illuminate\Http\Request), Object(Closure))
#22 /home/abdulraheem/my-projects/bb/vendor/laravel/framework/src/Illuminate/Routing/Pipeline.php(53): Illuminate\Pipeline\Pipeline->Illuminate\Pipeline\{closure}(Object(Illuminate\Http\Request))
#23 /home/abdulraheem/my-projects/bb/vendor/laravel/framework/src/Illuminate/View/Middleware/ShareErrorsFromSession.php(49): Illuminate\Routing\Pipeline->Illuminate\Routing\{closure}(Object(Illuminate\Http\Request))
#24 /home/abdulraheem/my-projects/bb/vendor/laravel/framework/src/Illuminate/Pipeline/Pipeline.php(148): Illuminate\View\Middleware\ShareErrorsFromSession->handle(Object(Illuminate\Http\Request), Object(Closure))
#25 /home/abdulraheem/my-projects/bb/vendor/laravel/framework/src/Illuminate/Routing/Pipeline.php(53): Illuminate\Pipeline\Pipeline->Illuminate\Pipeline\{closure}(Object(Illuminate\Http\Request))
#26 /home/abdulraheem/my-projects/bb/app/Http/Middleware/Language.php(42): Illuminate\Routing\Pipeline->Illuminate\Routing\{closure}(Object(Illuminate\Http\Request))
#27 /home/abdulraheem/my-projects/bb/vendor/laravel/framework/src/Illuminate/Pipeline/Pipeline.php(148): App\Http\Middleware\Language->handle(Object(Illuminate\Http\Request), Object(Closure))
#28 /home/abdulraheem/my-projects/bb/vendor/laravel/framework/src/Illuminate/Routing/Pipeline.php(53): Illuminate\Pipeline\Pipeline->Illuminate\Pipeline\{closure}(Object(Illuminate\Http\Request))
#29 /home/abdulraheem/my-projects/bb/vendor/laravel/framework/src/Illuminate/Session/Middleware/StartSession.php(64): Illuminate\Routing\Pipeline->Illuminate\Routing\{closure}(Object(Illuminate\Http\Request))
#30 /home/abdulraheem/my-projects/bb/vendor/laravel/framework/src/Illuminate/Pipeline/Pipeline.php(148): Illuminate\Session\Middleware\StartSession->handle(Object(Illuminate\Http\Request), Object(Closure))
#31 /home/abdulraheem/my-projects/bb/vendor/laravel/framework/src/Illuminate/Routing/Pipeline.php(53): Illuminate\Pipeline\Pipeline->Illuminate\Pipeline\{closure}(Object(Illuminate\Http\Request))
#32 /home/abdulraheem/my-projects/bb/vendor/laravel/framework/src/Illuminate/Cookie/Middleware/AddQueuedCookiesToResponse.php(37): Illuminate\Routing\Pipeline->Illuminate\Routing\{closure}(Object(Illuminate\Http\Request))
#33 /home/abdulraheem/my-projects/bb/vendor/laravel/framework/src/Illuminate/Pipeline/Pipeline.php(148): Illuminate\Cookie\Middleware\AddQueuedCookiesToResponse->handle(Object(Illuminate\Http\Request), Object(Closure))
#34 /home/abdulraheem/my-projects/bb/vendor/laravel/framework/src/Illuminate/Routing/Pipeline.php(53): Illuminate\Pipeline\Pipeline->Illuminate\Pipeline\{closure}(Object(Illuminate\Http\Request))
#35 /home/abdulraheem/my-projects/bb/vendor/laravel/framework/src/Illuminate/Cookie/Middleware/EncryptCookies.php(59): Illuminate\Routing\Pipeline->Illuminate\Routing\{closure}(Object(Illuminate\Http\Request))
#36 /home/abdulraheem/my-projects/bb/vendor/laravel/framework/src/Illuminate/Pipeline/Pipeline.php(148): Illuminate\Cookie\Middleware\EncryptCookies->handle(Object(Illuminate\Http\Request), Object(Closure))
#37 /home/abdulraheem/my-projects/bb/vendor/laravel/framework/src/Illuminate/Routing/Pipeline.php(53): Illuminate\Pipeline\Pipeline->Illuminate\Pipeline\{closure}(Object(Illuminate\Http\Request))
#38 /home/abdulraheem/my-projects/bb/vendor/laravel/framework/src/Illuminate/Pipeline/Pipeline.php(102): Illuminate\Routing\Pipeline->Illuminate\Routing\{closure}(Object(Illuminate\Http\Request))
#39 /home/abdulraheem/my-projects/bb/vendor/laravel/framework/src/Illuminate/Routing/Router.php(576): Illuminate\Pipeline\Pipeline->then(Object(Closure))
#40 /home/abdulraheem/my-projects/bb/vendor/laravel/framework/src/Illuminate/Routing/Router.php(535): Illuminate\Routing\Router->runRouteWithinStack(Object(Illuminate\Routing\Route), Object(Illuminate\Http\Request))
#41 /home/abdulraheem/my-projects/bb/vendor/laravel/framework/src/Illuminate/Routing/Router.php(513): Illuminate\Routing\Router->dispatchToRoute(Object(Illuminate\Http\Request))
#42 /home/abdulraheem/my-projects/bb/vendor/laravel/framework/src/Illuminate/Foundation/Http/Kernel.php(176): Illuminate\Routing\Router->dispatch(Object(Illuminate\Http\Request))
#43 /home/abdulraheem/my-projects/bb/vendor/laravel/framework/src/Illuminate/Routing/Pipeline.php(30): Illuminate\Foundation\Http\Kernel->Illuminate\Foundation\Http\{closure}(Object(Illuminate\Http\Request))
#44 /home/abdulraheem/my-projects/bb/vendor/laravel/framework/src/Illuminate/Foundation/Http/Middleware/CheckForMaintenanceMode.php(46): Illuminate\Routing\Pipeline->Illuminate\Routing\{closure}(Object(Illuminate\Http\Request))
#45 /home/abdulraheem/my-projects/bb/vendor/laravel/framework/src/Illuminate/Pipeline/Pipeline.php(148): Illuminate\Foundation\Http\Middleware\CheckForMaintenanceMode->handle(Object(Illuminate\Http\Request), Object(Closure))
#46 /home/abdulraheem/my-projects/bb/vendor/laravel/framework/src/Illuminate/Routing/Pipeline.php(53): Illuminate\Pipeline\Pipeline->Illuminate\Pipeline\{closure}(Object(Illuminate\Http\Request))
#47 /home/abdulraheem/my-projects/bb/vendor/laravel/framework/src/Illuminate/Pipeline/Pipeline.php(102): Illuminate\Routing\Pipeline->Illuminate\Routing\{closure}(Object(Illuminate\Http\Request))
#48 /home/abdulraheem/my-projects/bb/vendor/laravel/framework/src/Illuminate/Foundation/Http/Kernel.php(151): Illuminate\Pipeline\Pipeline->then(Object(Closure))
#49 /home/abdulraheem/my-projects/bb/vendor/laravel/framework/src/Illuminate/Foundation/Http/Kernel.php(116): Illuminate\Foundation\Http\Kernel->sendRequestThroughRouter(Object(Illuminate\Http\Request))
#50 /home/abdulraheem/my-projects/bb/public/index.php(52): Illuminate\Foundation\Http\Kernel->handle(Object(Illuminate\Http\Request))
#51 /home/abdulraheem/.composer/vendor/cpriego/valet-linux/server.php(204): require('/home/abdulrahe...')
#52 {main}  
[2020-06-10 09:49:04] server.ERROR: Symfony\Component\Console\Exception\CommandNotFoundException: Command "migrate:fress" is not defined.

Did you mean one of these?
    migrate
    migrate:install
    migrate:refresh
    migrate:reset
    migrate:rollback
    migrate:status in /home/abdulraheem/my-projects/bb/vendor/symfony/console/Application.php:579
Stack trace:
#0 /home/abdulraheem/my-projects/bb/vendor/symfony/console/Application.php(204): Symfony\Component\Console\Application->find('migrate:fress')
#1 /home/abdulraheem/my-projects/bb/vendor/symfony/console/Application.php(130): Symfony\Component\Console\Application->doRun(Object(Symfony\Component\Console\Input\ArgvInput), Object(Symfony\Component\Console\Output\ConsoleOutput))
#2 /home/abdulraheem/my-projects/bb/vendor/laravel/framework/src/Illuminate/Foundation/Console/Kernel.php(122): Symfony\Component\Console\Application->run(Object(Symfony\Component\Console\Input\ArgvInput), Object(Symfony\Component\Console\Output\ConsoleOutput))
#3 /home/abdulraheem/my-projects/bb/artisan(35): Illuminate\Foundation\Console\Kernel->handle(Object(Symfony\Component\Console\Input\ArgvInput), Object(Symfony\Component\Console\Output\ConsoleOutput))
#4 {main}  
[2020-06-10 09:49:09] server.ERROR: Symfony\Component\Console\Exception\CommandNotFoundException: Command "migrate:fresh" is not defined.

Did you mean one of these?
    migrate
    migrate:install
    migrate:refresh
    migrate:reset
    migrate:rollback
    migrate:status in /home/abdulraheem/my-projects/bb/vendor/symfony/console/Application.php:579
Stack trace:
#0 /home/abdulraheem/my-projects/bb/vendor/symfony/console/Application.php(204): Symfony\Component\Console\Application->find('migrate:fresh')
#1 /home/abdulraheem/my-projects/bb/vendor/symfony/console/Application.php(130): Symfony\Component\Console\Application->doRun(Object(Symfony\Component\Console\Input\ArgvInput), Object(Symfony\Component\Console\Output\ConsoleOutput))
#2 /home/abdulraheem/my-projects/bb/vendor/laravel/framework/src/Illuminate/Foundation/Console/Kernel.php(122): Symfony\Component\Console\Application->run(Object(Symfony\Component\Console\Input\ArgvInput), Object(Symfony\Component\Console\Output\ConsoleOutput))
#3 /home/abdulraheem/my-projects/bb/artisan(35): Illuminate\Foundation\Console\Kernel->handle(Object(Symfony\Component\Console\Input\ArgvInput), Object(Symfony\Component\Console\Output\ConsoleOutput))
#4 {main}  
[2020-06-10 09:49:25] server.ERROR: Symfony\Component\Console\Exception\CommandNotFoundException: Command "migrate:fresh" is not defined.

Did you mean one of these?
    migrate
    migrate:install
    migrate:refresh
    migrate:reset
    migrate:rollback
    migrate:status in /home/abdulraheem/my-projects/bb/vendor/symfony/console/Application.php:579
Stack trace:
#0 /home/abdulraheem/my-projects/bb/vendor/symfony/console/Application.php(204): Symfony\Component\Console\Application->find('migrate:fresh')
#1 /home/abdulraheem/my-projects/bb/vendor/symfony/console/Application.php(130): Symfony\Component\Console\Application->doRun(Object(Symfony\Component\Console\Input\ArgvInput), Object(Symfony\Component\Console\Output\ConsoleOutput))
#2 /home/abdulraheem/my-projects/bb/vendor/laravel/framework/src/Illuminate/Foundation/Console/Kernel.php(122): Symfony\Component\Console\Application->run(Object(Symfony\Component\Console\Input\ArgvInput), Object(Symfony\Component\Console\Output\ConsoleOutput))
#3 /home/abdulraheem/my-projects/bb/artisan(35): Illuminate\Foundation\Console\Kernel->handle(Object(Symfony\Component\Console\Input\ArgvInput), Object(Symfony\Component\Console\Output\ConsoleOutput))
#4 {main}  
[2020-06-10 10:10:00] server.ERROR: Swift_TransportException: Cannot send message without a sender address in /home/abdulraheem/my-projects/bb/vendor/swiftmailer/swiftmailer/lib/classes/Swift/Transport/AbstractSmtpTransport.php:162
Stack trace:
#0 /home/abdulraheem/my-projects/bb/vendor/swiftmailer/swiftmailer/lib/classes/Swift/Mailer.php(85): Swift_Transport_AbstractSmtpTransport->send(Object(Swift_Message), Array)
#1 /home/abdulraheem/my-projects/bb/vendor/laravel/framework/src/Illuminate/Mail/Mailer.php(443): Swift_Mailer->send(Object(Swift_Message), Array)
#2 /home/abdulraheem/my-projects/bb/vendor/laravel/framework/src/Illuminate/Mail/Mailer.php(217): Illuminate\Mail\Mailer->sendSwiftMessage(Object(Swift_Message))
#3 /home/abdulraheem/my-projects/bb/vendor/laravel/framework/src/Illuminate/Notifications/Channels/MailChannel.php(60): Illuminate\Mail\Mailer->send(Object(Illuminate\Support\HtmlString), Array, Object(Closure))
#4 /home/abdulraheem/my-projects/bb/vendor/laravel/framework/src/Illuminate/Notifications/NotificationSender.php(113): Illuminate\Notifications\Channels\MailChannel->send(Object(App\User), Object(Illuminate\Auth\Notifications\ResetPassword))
#5 /home/abdulraheem/my-projects/bb/vendor/laravel/framework/src/Illuminate/Notifications/NotificationSender.php(89): Illuminate\Notifications\NotificationSender->sendToNotifiable(Object(App\User), '6d8dacfe-b034-4...', Object(Illuminate\Auth\Notifications\ResetPassword), 'mail')
#6 /home/abdulraheem/my-projects/bb/vendor/laravel/framework/src/Illuminate/Notifications/NotificationSender.php(64): Illuminate\Notifications\NotificationSender->sendNow(Object(Illuminate\Database\Eloquent\Collection), Object(Illuminate\Auth\Notifications\ResetPassword))
#7 /home/abdulraheem/my-projects/bb/vendor/laravel/framework/src/Illuminate/Notifications/ChannelManager.php(36): Illuminate\Notifications\NotificationSender->send(Object(Illuminate\Database\Eloquent\Collection), Object(Illuminate\Auth\Notifications\ResetPassword))
#8 /home/abdulraheem/my-projects/bb/vendor/laravel/framework/src/Illuminate/Notifications/RoutesNotifications.php(18): Illuminate\Notifications\ChannelManager->send(Object(App\User), Object(Illuminate\Auth\Notifications\ResetPassword))
#9 /home/abdulraheem/my-projects/bb/vendor/laravel/framework/src/Illuminate/Auth/Passwords/CanResetPassword.php(27): App\User->notify(Object(Illuminate\Auth\Notifications\ResetPassword))
#10 /home/abdulraheem/my-projects/bb/vendor/laravel/framework/src/Illuminate/Auth/Passwords/PasswordBroker.php(70): Illuminate\Foundation\Auth\User->sendPasswordResetNotification('2c73933efe8a239...')
#11 /home/abdulraheem/my-projects/bb/vendor/laravel/framework/src/Illuminate/Foundation/Auth/SendsPasswordResetEmails.php(34): Illuminate\Auth\Passwords\PasswordBroker->sendResetLink(Array)
#12 [internal function]: App\Http\Controllers\Auth\ForgotPasswordController->sendResetLinkEmail(Object(Illuminate\Http\Request))
#13 /home/abdulraheem/my-projects/bb/vendor/laravel/framework/src/Illuminate/Routing/Controller.php(55): call_user_func_array(Array, Array)
#14 /home/abdulraheem/my-projects/bb/vendor/laravel/framework/src/Illuminate/Routing/ControllerDispatcher.php(44): Illuminate\Routing\Controller->callAction('sendResetLinkEm...', Array)
#15 /home/abdulraheem/my-projects/bb/vendor/laravel/framework/src/Illuminate/Routing/Route.php(203): Illuminate\Routing\ControllerDispatcher->dispatch(Object(Illuminate\Routing\Route), Object(App\Http\Controllers\Auth\ForgotPasswordController), 'sendResetLinkEm...')
#16 /home/abdulraheem/my-projects/bb/vendor/laravel/framework/src/Illuminate/Routing/Route.php(160): Illuminate\Routing\Route->runController()
#17 /home/abdulraheem/my-projects/bb/vendor/laravel/framework/src/Illuminate/Routing/Router.php(574): Illuminate\Routing\Route->run()
#18 /home/abdulraheem/my-projects/bb/vendor/laravel/framework/src/Illuminate/Routing/Pipeline.php(30): Illuminate\Routing\Router->Illuminate\Routing\{closure}(Object(Illuminate\Http\Request))
#19 /home/abdulraheem/my-projects/bb/app/Http/Middleware/RedirectIfAuthenticated.php(25): Illuminate\Routing\Pipeline->Illuminate\Routing\{closure}(Object(Illuminate\Http\Request))
#20 /home/abdulraheem/my-projects/bb/vendor/laravel/framework/src/Illuminate/Pipeline/Pipeline.php(148): App\Http\Middleware\RedirectIfAuthenticated->handle(Object(Illuminate\Http\Request), Object(Closure))
#21 /home/abdulraheem/my-projects/bb/vendor/laravel/framework/src/Illuminate/Routing/Pipeline.php(53): Illuminate\Pipeline\Pipeline->Illuminate\Pipeline\{closure}(Object(Illuminate\Http\Request))
#22 /home/abdulraheem/my-projects/bb/vendor/laravel/framework/src/Illuminate/Foundation/Http/Middleware/VerifyCsrfToken.php(65): Illuminate\Routing\Pipeline->Illuminate\Routing\{closure}(Object(Illuminate\Http\Request))
#23 /home/abdulraheem/my-projects/bb/vendor/laravel/framework/src/Illuminate/Pipeline/Pipeline.php(148): Illuminate\Foundation\Http\Middleware\VerifyCsrfToken->handle(Object(Illuminate\Http\Request), Object(Closure))
#24 /home/abdulraheem/my-projects/bb/vendor/laravel/framework/src/Illuminate/Routing/Pipeline.php(53): Illuminate\Pipeline\Pipeline->Illuminate\Pipeline\{closure}(Object(Illuminate\Http\Request))
#25 /home/abdulraheem/my-projects/bb/vendor/laravel/framework/src/Illuminate/Routing/Middleware/SubstituteBindings.php(41): Illuminate\Routing\Pipeline->Illuminate\Routing\{closure}(Object(Illuminate\Http\Request))
#26 /home/abdulraheem/my-projects/bb/vendor/laravel/framework/src/Illuminate/Pipeline/Pipeline.php(148): Illuminate\Routing\Middleware\SubstituteBindings->handle(Object(Illuminate\Http\Request), Object(Closure))
#27 /home/abdulraheem/my-projects/bb/vendor/laravel/framework/src/Illuminate/Routing/Pipeline.php(53): Illuminate\Pipeline\Pipeline->Illuminate\Pipeline\{closure}(Object(Illuminate\Http\Request))
#28 /home/abdulraheem/my-projects/bb/vendor/laravel/framework/src/Illuminate/View/Middleware/ShareErrorsFromSession.php(49): Illuminate\Routing\Pipeline->Illuminate\Routing\{closure}(Object(Illuminate\Http\Request))
#29 /home/abdulraheem/my-projects/bb/vendor/laravel/framework/src/Illuminate/Pipeline/Pipeline.php(148): Illuminate\View\Middleware\ShareErrorsFromSession->handle(Object(Illuminate\Http\Request), Object(Closure))
#30 /home/abdulraheem/my-projects/bb/vendor/laravel/framework/src/Illuminate/Routing/Pipeline.php(53): Illuminate\Pipeline\Pipeline->Illuminate\Pipeline\{closure}(Object(Illuminate\Http\Request))
#31 /home/abdulraheem/my-projects/bb/app/Http/Middleware/Language.php(42): Illuminate\Routing\Pipeline->Illuminate\Routing\{closure}(Object(Illuminate\Http\Request))
#32 /home/abdulraheem/my-projects/bb/vendor/laravel/framework/src/Illuminate/Pipeline/Pipeline.php(148): App\Http\Middleware\Language->handle(Object(Illuminate\Http\Request), Object(Closure))
#33 /home/abdulraheem/my-projects/bb/vendor/laravel/framework/src/Illuminate/Routing/Pipeline.php(53): Illuminate\Pipeline\Pipeline->Illuminate\Pipeline\{closure}(Object(Illuminate\Http\Request))
#34 /home/abdulraheem/my-projects/bb/vendor/laravel/framework/src/Illuminate/Session/Middleware/StartSession.php(64): Illuminate\Routing\Pipeline->Illuminate\Routing\{closure}(Object(Illuminate\Http\Request))
#35 /home/abdulraheem/my-projects/bb/vendor/laravel/framework/src/Illuminate/Pipeline/Pipeline.php(148): Illuminate\Session\Middleware\StartSession->handle(Object(Illuminate\Http\Request), Object(Closure))
#36 /home/abdulraheem/my-projects/bb/vendor/laravel/framework/src/Illuminate/Routing/Pipeline.php(53): Illuminate\Pipeline\Pipeline->Illuminate\Pipeline\{closure}(Object(Illuminate\Http\Request))
#37 /home/abdulraheem/my-projects/bb/vendor/laravel/framework/src/Illuminate/Cookie/Middleware/AddQueuedCookiesToResponse.php(37): Illuminate\Routing\Pipeline->Illuminate\Routing\{closure}(Object(Illuminate\Http\Request))
#38 /home/abdulraheem/my-projects/bb/vendor/laravel/framework/src/Illuminate/Pipeline/Pipeline.php(148): Illuminate\Cookie\Middleware\AddQueuedCookiesToResponse->handle(Object(Illuminate\Http\Request), Object(Closure))
#39 /home/abdulraheem/my-projects/bb/vendor/laravel/framework/src/Illuminate/Routing/Pipeline.php(53): Illuminate\Pipeline\Pipeline->Illuminate\Pipeline\{closure}(Object(Illuminate\Http\Request))
#40 /home/abdulraheem/my-projects/bb/vendor/laravel/framework/src/Illuminate/Cookie/Middleware/EncryptCookies.php(59): Illuminate\Routing\Pipeline->Illuminate\Routing\{closure}(Object(Illuminate\Http\Request))
#41 /home/abdulraheem/my-projects/bb/vendor/laravel/framework/src/Illuminate/Pipeline/Pipeline.php(148): Illuminate\Cookie\Middleware\EncryptCookies->handle(Object(Illuminate\Http\Request), Object(Closure))
#42 /home/abdulraheem/my-projects/bb/vendor/laravel/framework/src/Illuminate/Routing/Pipeline.php(53): Illuminate\Pipeline\Pipeline->Illuminate\Pipeline\{closure}(Object(Illuminate\Http\Request))
#43 /home/abdulraheem/my-projects/bb/vendor/laravel/framework/src/Illuminate/Pipeline/Pipeline.php(102): Illuminate\Routing\Pipeline->Illuminate\Routing\{closure}(Object(Illuminate\Http\Request))
#44 /home/abdulraheem/my-projects/bb/vendor/laravel/framework/src/Illuminate/Routing/Router.php(576): Illuminate\Pipeline\Pipeline->then(Object(Closure))
#45 /home/abdulraheem/my-projects/bb/vendor/laravel/framework/src/Illuminate/Routing/Router.php(535): Illuminate\Routing\Router->runRouteWithinStack(Object(Illuminate\Routing\Route), Object(Illuminate\Http\Request))
#46 /home/abdulraheem/my-projects/bb/vendor/laravel/framework/src/Illuminate/Routing/Router.php(513): Illuminate\Routing\Router->dispatchToRoute(Object(Illuminate\Http\Request))
#47 /home/abdulraheem/my-projects/bb/vendor/laravel/framework/src/Illuminate/Foundation/Http/Kernel.php(176): Illuminate\Routing\Router->dispatch(Object(Illuminate\Http\Request))
#48 /home/abdulraheem/my-projects/bb/vendor/laravel/framework/src/Illuminate/Routing/Pipeline.php(30): Illuminate\Foundation\Http\Kernel->Illuminate\Foundation\Http\{closure}(Object(Illuminate\Http\Request))
#49 /home/abdulraheem/my-projects/bb/vendor/laravel/framework/src/Illuminate/Foundation/Http/Middleware/CheckForMaintenanceMode.php(46): Illuminate\Routing\Pipeline->Illuminate\Routing\{closure}(Object(Illuminate\Http\Request))
#50 /home/abdulraheem/my-projects/bb/vendor/laravel/framework/src/Illuminate/Pipeline/Pipeline.php(148): Illuminate\Foundation\Http\Middleware\CheckForMaintenanceMode->handle(Object(Illuminate\Http\Request), Object(Closure))
#51 /home/abdulraheem/my-projects/bb/vendor/laravel/framework/src/Illuminate/Routing/Pipeline.php(53): Illuminate\Pipeline\Pipeline->Illuminate\Pipeline\{closure}(Object(Illuminate\Http\Request))
#52 /home/abdulraheem/my-projects/bb/vendor/laravel/framework/src/Illuminate/Pipeline/Pipeline.php(102): Illuminate\Routing\Pipeline->Illuminate\Routing\{closure}(Object(Illuminate\Http\Request))
#53 /home/abdulraheem/my-projects/bb/vendor/laravel/framework/src/Illuminate/Foundation/Http/Kernel.php(151): Illuminate\Pipeline\Pipeline->then(Object(Closure))
#54 /home/abdulraheem/my-projects/bb/vendor/laravel/framework/src/Illuminate/Foundation/Http/Kernel.php(116): Illuminate\Foundation\Http\Kernel->sendRequestThroughRouter(Object(Illuminate\Http\Request))
#55 /home/abdulraheem/my-projects/bb/public/index.php(52): Illuminate\Foundation\Http\Kernel->handle(Object(Illuminate\Http\Request))
#56 /home/abdulraheem/.composer/vendor/cpriego/valet-linux/server.php(204): require('/home/abdulrahe...')
#57 {main}  
